

Transaction

  Prefix: /data/pinello/SHARED_SOFTWARE/envs/lab_envs/chorus-chrombpnet-v30test

  Updating specs:

   - python=3.10
   - numpy==1.23.4
   - pandas>=1.3.4
   - scipy>=1.4.1
   - pysam>=0.19.0
   - biopython>=1.79
   - pyfaidx==0.6.1
   - bedtools>=2.30.0
   - samtools>=1.15
   - tqdm>=4.62.0
   - h5py>=2.10.0
   - protobuf==3.20
   - matplotlib>=3.3.1
   - matplotlib-venn==0.11.6
   - seaborn>=0.11.0
   - pip


  Package                           Version  Build                    Channel           Size
──────────────────────────────────────────────────────────────────────────────────────────────
  Install:
──────────────────────────────────────────────────────────────────────────────────────────────

  + _openmp_mutex                       4.5  20_gnu                   conda-forge     Cached
  + alsa-lib                       1.2.15.3  hb03c661_0               conda-forge     Cached
  + bedtools                         2.31.1  hf5e1c6e_2               bioconda        Cached
  + biopython                          1.87  py310h7c4b9e2_0          conda-forge     Cached
  + brotli                            1.2.0  hed03a55_1               conda-forge     Cached
  + brotli-bin                        1.2.0  hb03c661_1               conda-forge     Cached
  + bzip2                             1.0.8  hda65f42_9               conda-forge     Cached
  + c-ares                           1.34.6  hb03c661_0               conda-forge     Cached
  + ca-certificates               2026.4.22  hbd8a1cb_0               conda-forge     Cached
  + cached-property                   1.5.2  hd8ed1ab_1               conda-forge     Cached
  + cached_property                   1.5.2  pyha770c72_1             conda-forge     Cached
  + cairo                            1.18.0  h3faef2a_0               conda-forge     Cached
  + certifi                       2026.4.22  pyhd8ed1ab_0             conda-forge     Cached
  + contourpy                         1.3.2  py310h3788b33_0          conda-forge     Cached
  + cycler                           0.12.1  pyhcf101f3_2             conda-forge     Cached
  + dbus                             1.13.6  h5008d03_3               conda-forge     Cached
  + expat                             2.7.5  hecca717_0               conda-forge      146kB
  + font-ttf-dejavu-sans-mono          2.37  hab24e00_0               conda-forge     Cached
  + font-ttf-inconsolata              3.000  h77eed37_0               conda-forge     Cached
  + font-ttf-source-code-pro          2.038  h77eed37_0               conda-forge     Cached
  + font-ttf-ubuntu                    0.83  h77eed37_3               conda-forge     Cached
  + fontconfig                       2.14.2  h14ed4e7_0               conda-forge     Cached
  + fonts-conda-ecosystem                 1  0                        conda-forge     Cached
  + fonts-conda-forge                     1  hc364b38_1               conda-forge     Cached
  + fonttools                        4.62.1  py310h3406613_0          conda-forge     Cached
  + freetype                         2.12.1  h267a509_2               conda-forge     Cached
  + glib                             2.80.2  hf974151_0               conda-forge     Cached
  + glib-tools                       2.80.2  hb6ce0ca_0               conda-forge     Cached
  + graphite2                        1.3.14  hecca717_2               conda-forge     Cached
  + gst-plugins-base                 1.24.4  h9ad1361_0               conda-forge     Cached
  + gstreamer                        1.24.4  haf2f30d_0               conda-forge     Cached
  + h5py                             3.13.0  nompi_py310h60e0fe6_100  conda-forge     Cached
  + harfbuzz                          9.0.0  hfac3d4d_0               conda-forge     Cached
  + hdf5                             1.14.3  nompi_hdf9ad27_105       conda-forge     Cached
  + htslib                             1.21  h5efdd21_0               bioconda        Cached
  + icu                                73.2  h59595ed_0               conda-forge     Cached
  + keyutils                          1.6.3  hb9d3cd8_0               conda-forge     Cached
  + kiwisolver                        1.5.0  py310haaf941d_0          conda-forge     Cached
  + krb5                             1.21.3  h659f571_0               conda-forge     Cached
  + lame                              3.100  h166bdaf_1003            conda-forge     Cached
  + lcms2                              2.16  hb7c19ff_0               conda-forge     Cached
  + ld_impl_linux-64                 2.45.1  bootstrap_ha15bf96_2     conda-forge      731kB
  + lerc                              4.1.0  hdb68285_0               conda-forge     Cached
  + libaec                            1.1.5  h088129d_0               conda-forge     Cached
  + libblas                          3.11.0  6_h4a7cf45_openblas      conda-forge     Cached
  + libbrotlicommon                   1.2.0  hb03c661_1               conda-forge     Cached
  + libbrotlidec                      1.2.0  hb03c661_1               conda-forge     Cached
  + libbrotlienc                      1.2.0  hb03c661_1               conda-forge     Cached
  + libcap                             2.77  hd0affe5_1               conda-forge     Cached
  + libcblas                         3.11.0  6_h0358290_openblas      conda-forge     Cached
  + libclang-cpp15                   15.0.7  default_h127d8a8_5       conda-forge     Cached
  + libclang13                       18.1.7  default_h087397f_0       conda-forge     Cached
  + libcups                           2.3.3  h4637d8d_4               conda-forge     Cached
  + libcurl                           8.8.0  hca28451_1               conda-forge     Cached
  + libdeflate                         1.20  hd590300_0               conda-forge     Cached
  + libedit                    3.1.20250104  pl5321h7949ede_0         conda-forge     Cached
  + libev                              4.33  hd590300_2               conda-forge     Cached
  + libevent                         2.1.12  hf998b51_1               conda-forge     Cached
  + libexpat                          2.7.5  hecca717_0               conda-forge     Cached
  + libffi                            3.5.2  h3435931_0               conda-forge     Cached
  + libflac                           1.5.0  he200343_1               conda-forge     Cached
  + libgcc                           15.2.0  he0feb66_18              conda-forge     Cached
  + libgcc-ng                        15.2.0  h69a702a_18              conda-forge     Cached
  + libgfortran                      15.2.0  h69a702a_18              conda-forge     Cached
  + libgfortran-ng                   15.2.0  h69a702a_18              conda-forge     Cached
  + libgfortran5                     15.2.0  h68bc16d_18              conda-forge     Cached
  + libglib                          2.80.2  hf974151_0               conda-forge     Cached
  + libgomp                          15.2.0  he0feb66_18              conda-forge     Cached
  + libiconv                           1.18  h3b78370_2               conda-forge     Cached
  + libjpeg-turbo                   3.1.4.1  hb03c661_0               conda-forge     Cached
  + liblapack                        3.11.0  6_h47877c9_openblas      conda-forge     Cached
  + libllvm15                        15.0.7  hb3ce162_4               conda-forge     Cached
  + libllvm18                        18.1.7  hb77312f_0               conda-forge     Cached
  + liblzma                           5.8.3  hb03c661_0               conda-forge     Cached
  + liblzma-devel                     5.8.3  hb03c661_0               conda-forge      491kB
  + libnghttp2                       1.58.0  h47da74e_1               conda-forge     Cached
  + libnsl                            2.0.1  hb9d3cd8_1               conda-forge     Cached
  + libogg                            1.3.5  hd0c01bc_1               conda-forge     Cached
  + libopenblas                      0.3.32  pthreads_h94d23a6_0      conda-forge     Cached
  + libopus                           1.6.1  h280c20c_0               conda-forge     Cached
  + libpng                           1.6.43  h2797004_0               conda-forge     Cached
  + libpq                             16.12  hc183893_0               conda-forge     Cached
  + libprotobuf                      3.20.0  h6239696_0               conda-forge     Cached
  + libsndfile                        1.2.2  hc7d488a_2               conda-forge     Cached
  + libsqlite                        3.46.0  hde9e2c9_0               conda-forge     Cached
  + libssh2                          1.11.0  h0841786_0               conda-forge     Cached
  + libstdcxx                        15.2.0  h934c35e_18              conda-forge     Cached
  + libstdcxx-ng                     15.2.0  hdf11a46_18              conda-forge     Cached
  + libsystemd0                       260.1  h6569c3e_0               conda-forge     Cached
  + libtiff                           4.6.0  h1dd3fc0_3               conda-forge     Cached
  + libuuid                            2.42  h5347b49_0               conda-forge     Cached
  + libvorbis                         1.3.7  h54a6638_2               conda-forge     Cached
  + libwebp-base                      1.6.0  hd42ef1d_0               conda-forge     Cached
  + libxcb                             1.15  h0b41bf4_0               conda-forge     Cached
  + libxcrypt                        4.4.36  hd590300_1               conda-forge     Cached
  + libxkbcommon                      1.7.0  h662e7e4_0               conda-forge     Cached
  + libxml2                          2.12.7  hc051c1a_1               conda-forge     Cached
  + libzlib                          1.2.13  h4ab18f5_6               conda-forge     Cached
  + matplotlib                        3.9.1  py310hff52083_1          conda-forge     Cached
  + matplotlib-base                   3.9.1  py310hf02ac8c_2          conda-forge     Cached
  + matplotlib-venn                  0.11.6  pyh9f0ad1d_0             conda-forge     Cached
  + mpg123                           1.32.9  hc50e24c_0               conda-forge     Cached
  + munkres                           1.1.4  pyhd8ed1ab_1             conda-forge     Cached
  + mysql-common                      8.3.0  hf1915f5_4               conda-forge     Cached
  + mysql-libs                        8.3.0  hca2cd23_4               conda-forge     Cached
  + ncurses                             6.6  hdb14827_0               conda-forge      919kB
  + nspr                               4.38  h29cc59b_0               conda-forge     Cached
  + nss                               3.100  hca3bf56_0               conda-forge     Cached
  + numpy                            1.23.4  py310h53a5b5f_1          conda-forge     Cached
  + openjpeg                          2.5.2  h488ebb8_0               conda-forge     Cached
  + openssl                           3.6.2  h35e630c_0               conda-forge     Cached
  + packaging                          26.2  pyhc364b38_0             conda-forge     Cached
  + pandas                            2.3.3  py310h0158d43_2          conda-forge     Cached
  + patsy                             1.0.2  pyhcf101f3_0             conda-forge     Cached
  + pcre2                             10.43  hcad00b1_0               conda-forge     Cached
  + pillow                           10.3.0  py310hf73ecf8_0          conda-forge     Cached
  + pip                              26.0.1  pyh8b19718_0             conda-forge     Cached
  + pixman                           0.46.4  h54a6638_1               conda-forge     Cached
  + ply                                3.11  pyhd8ed1ab_3             conda-forge     Cached
  + protobuf                         3.20.0  py310hd8f1fbe_5          conda-forge     Cached
  + pthread-stubs                       0.4  hb9d3cd8_1002            conda-forge     Cached
  + pulseaudio-client                  17.0  hb77b528_0               conda-forge     Cached
  + pyfaidx                           0.6.1  pyh5e36f6f_0             bioconda        Cached
  + pyparsing                         3.3.2  pyhcf101f3_0             conda-forge     Cached
  + pyqt                             5.15.9  py310h04931ad_5          conda-forge     Cached
  + pyqt5-sip                       12.12.2  py310hc6cd4ac_5          conda-forge     Cached
  + pysam                            0.22.1  py310h804392c_2          bioconda        Cached
  + python                          3.10.14  hd12c33a_0_cpython       conda-forge     Cached
  + python-dateutil             2.9.0.post0  pyhe01879c_2             conda-forge     Cached
  + python-tzdata                    2026.2  pyhd8ed1ab_0             conda-forge     Cached
  + python_abi                         3.10  8_cp310                  conda-forge     Cached
  + pytz                       2026.1.post1  pyhcf101f3_0             conda-forge     Cached
  + qhull                            2020.2  h434a139_5               conda-forge     Cached
  + qt-main                          5.15.8  hc9dc06e_21              conda-forge     Cached
  + readline                            8.3  h853b02a_0               conda-forge     Cached
  + samtools                           1.21  h50ea8bc_0               bioconda        Cached
  + scipy                            1.13.1  py310h93e2701_0          conda-forge     Cached
  + seaborn                          0.13.2  hd8ed1ab_3               conda-forge     Cached
  + seaborn-base                     0.13.2  pyhd8ed1ab_3             conda-forge     Cached
  + setuptools                       82.0.1  pyh332efcf_0             conda-forge     Cached
  + sip                              6.7.12  py310hc6cd4ac_0          conda-forge     Cached
  + six                              1.17.0  pyhe01879c_1             conda-forge     Cached
  + statsmodels                      0.14.6  py310hf779ad0_0          conda-forge     Cached
  + tk                               8.6.13  noxft_h4845f30_101       conda-forge     Cached
  + toml                             0.10.2  pyhcf101f3_3             conda-forge     Cached
  + tomli                             2.4.1  pyhcf101f3_0             conda-forge     Cached
  + tornado                           6.5.5  py310h7c4b9e2_0          conda-forge     Cached
  + tqdm                             4.67.3  pyh8f84b5b_0             conda-forge     Cached
  + tzdata                            2025c  hc9c84f9_1               conda-forge     Cached
  + unicodedata2                     17.0.1  py310h7c4b9e2_0          conda-forge     Cached
  + wheel                            0.47.0  pyhd8ed1ab_0             conda-forge     Cached
  + xcb-util                          0.4.0  hd590300_1               conda-forge     Cached
  + xcb-util-image                    0.4.0  h8ee46fc_1               conda-forge     Cached
  + xcb-util-keysyms                  0.4.0  h8ee46fc_1               conda-forge     Cached
  + xcb-util-renderutil               0.3.9  hd590300_1               conda-forge     Cached
  + xcb-util-wm                       0.4.1  h8ee46fc_1               conda-forge     Cached
  + xkeyboard-config                   2.42  h4ab18f5_0               conda-forge     Cached
  + xorg-kbproto                      1.0.7  hb9d3cd8_1003            conda-forge     Cached
  + xorg-libice                       1.1.2  hb9d3cd8_0               conda-forge     Cached
  + xorg-libsm                        1.2.6  he73a12e_0               conda-forge     Cached
  + xorg-libx11                       1.8.9  h8ee46fc_0               conda-forge     Cached
  + xorg-libxau                      1.0.12  hb03c661_1               conda-forge     Cached
  + xorg-libxdmcp                     1.1.5  hb03c661_1               conda-forge     Cached
  + xorg-libxext                      1.3.4  h0b41bf4_2               conda-forge     Cached
  + xorg-libxrender                  0.9.11  hd590300_0               conda-forge     Cached
  + xorg-renderproto                 0.11.1  hb9d3cd8_1003            conda-forge     Cached
  + xorg-xextproto                    7.3.0  hb9d3cd8_1004            conda-forge     Cached
  + xorg-xf86vidmodeproto             2.3.1  hb9d3cd8_1005            conda-forge     Cached
  + xorg-xproto                      7.0.31  hb9d3cd8_1008            conda-forge     Cached
  + xz                                5.8.3  ha02ee65_0               conda-forge       24kB
  + xz-gpl-tools                      5.8.3  ha02ee65_0               conda-forge       34kB
  + xz-tools                          5.8.3  hb03c661_0               conda-forge       96kB
  + zlib                             1.2.13  h4ab18f5_6               conda-forge     Cached
  + zstd                              1.5.6  ha6fb4c9_0               conda-forge     Cached

  Summary:

  Install: 174 packages

  Total download: 2MB

──────────────────────────────────────────────────────────────────────────────────────────────



Transaction starting
Linking python_abi-3.10-8_cp310
Linking tzdata-2025c-hc9c84f9_1
Linking ca-certificates-2026.4.22-hbd8a1cb_0
Linking font-ttf-dejavu-sans-mono-2.37-hab24e00_0
Linking font-ttf-ubuntu-0.83-h77eed37_3
Linking font-ttf-inconsolata-3.000-h77eed37_0
Linking font-ttf-source-code-pro-2.038-h77eed37_0
Linking fonts-conda-forge-1-hc364b38_1
Linking fonts-conda-ecosystem-1-0
Linking ld_impl_linux-64-2.45.1-bootstrap_ha15bf96_2
Linking libgomp-15.2.0-he0feb66_18
Linking _openmp_mutex-4.5-20_gnu
Linking libgcc-15.2.0-he0feb66_18
Linking libffi-3.5.2-h3435931_0
Linking xorg-renderproto-0.11.1-hb9d3cd8_1003
Linking c-ares-1.34.6-hb03c661_0
Linking xorg-xf86vidmodeproto-2.3.1-hb9d3cd8_1005
Linking xorg-libice-1.1.2-hb9d3cd8_0
Linking alsa-lib-1.2.15.3-hb03c661_0
Linking xorg-xproto-7.0.31-hb9d3cd8_1008
Linking xorg-xextproto-7.3.0-hb9d3cd8_1004
Linking xorg-kbproto-1.0.7-hb9d3cd8_1003
Linking libexpat-2.7.5-hecca717_0
Linking libbrotlicommon-1.2.0-hb03c661_1
Linking keyutils-1.6.3-hb9d3cd8_0
Linking libiconv-1.18-h3b78370_2
Linking libopus-1.6.1-h280c20c_0
Linking libogg-1.3.5-hd0c01bc_1
Linking libcap-2.77-hd0affe5_1
Linking xorg-libxdmcp-1.1.5-hb03c661_1
Linking pthread-stubs-0.4-hb9d3cd8_1002
Linking xorg-libxau-1.0.12-hb03c661_1
Linking libwebp-base-1.6.0-hd42ef1d_0
Linking libjpeg-turbo-3.1.4.1-hb03c661_0
Linking libuuid-2.42-h5347b49_0
Linking libnsl-2.0.1-hb9d3cd8_1
Linking libgfortran5-15.2.0-h68bc16d_18
Linking liblzma-5.8.3-hb03c661_0
Linking openssl-3.6.2-h35e630c_0
Linking bzip2-1.0.8-hda65f42_9
Linking ncurses-6.6-hdb14827_0
Linking libstdcxx-15.2.0-h934c35e_18
Linking libgcc-ng-15.2.0-h69a702a_18
Linking expat-2.7.5-hecca717_0
Linking libbrotlienc-1.2.0-hb03c661_1
Linking libbrotlidec-1.2.0-hb03c661_1
Linking libsystemd0-260.1-h6569c3e_0
Linking xorg-libsm-1.2.6-he73a12e_0
Linking libgfortran-15.2.0-h69a702a_18
Linking xz-tools-5.8.3-hb03c661_0
Linking xz-gpl-tools-5.8.3-ha02ee65_0
Linking liblzma-devel-5.8.3-hb03c661_0
Linking libedit-3.1.20250104-pl5321h7949ede_0
Linking readline-8.3-h853b02a_0
Linking pixman-0.46.4-h54a6638_1
Linking graphite2-1.3.14-hecca717_2
Linking libaec-1.1.5-h088129d_0
Linking nspr-4.38-h29cc59b_0
Linking libvorbis-1.3.7-h54a6638_2
Linking libflac-1.5.0-he200343_1
Linking lerc-4.1.0-hdb68285_0
Linking mpg123-1.32.9-hc50e24c_0
Linking libstdcxx-ng-15.2.0-hdf11a46_18
Linking libev-4.33-hd590300_2
Linking libevent-2.1.12-hf998b51_1
Linking lame-3.100-h166bdaf_1003
Linking libdeflate-1.20-hd590300_0
Linking libxcb-1.15-h0b41bf4_0
Linking libxcrypt-4.4.36-hd590300_1
Linking libzlib-1.2.13-h4ab18f5_6
Linking brotli-bin-1.2.0-hb03c661_1
Linking libopenblas-0.3.32-pthreads_h94d23a6_0
Linking libgfortran-ng-15.2.0-h69a702a_18
Linking xz-5.8.3-ha02ee65_0
Linking mysql-common-8.3.0-hf1915f5_4
Linking icu-73.2-h59595ed_0
Linking qhull-2020.2-h434a139_5
Linking krb5-1.21.3-h659f571_0
Linking libsndfile-1.2.2-hc7d488a_2
Linking xcb-util-wm-0.4.1-h8ee46fc_1
Linking xcb-util-keysyms-0.4.0-h8ee46fc_1
Linking xcb-util-0.4.0-hd590300_1
Linking xorg-libx11-1.8.9-h8ee46fc_0
Linking xcb-util-renderutil-0.3.9-hd590300_1
Linking libnghttp2-1.58.0-h47da74e_1
Linking pcre2-10.43-hcad00b1_0
Linking libpng-1.6.43-h2797004_0
Linking tk-8.6.13-noxft_h4845f30_101
Linking libsqlite-3.46.0-hde9e2c9_0
Linking zstd-1.5.6-ha6fb4c9_0
Linking libssh2-1.11.0-h0841786_0
Linking zlib-1.2.13-h4ab18f5_6
Linking brotli-1.2.0-hed03a55_1
Linking libblas-3.11.0-6_h4a7cf45_openblas
Linking libxml2-2.12.7-hc051c1a_1
Linking libpq-16.12-hc183893_0
Linking libcups-2.3.3-h4637d8d_4
Linking xcb-util-image-0.4.0-h8ee46fc_1
Linking xorg-libxext-1.3.4-h0b41bf4_2
Linking xorg-libxrender-0.9.11-hd590300_0
Linking xkeyboard-config-2.42-h4ab18f5_0
Linking libglib-2.80.2-hf974151_0
Linking freetype-2.12.1-h267a509_2
Linking nss-3.100-hca3bf56_0
Linking python-3.10.14-hd12c33a_0_cpython
Linking mysql-libs-8.3.0-hca2cd23_4
Linking libtiff-4.6.0-h1dd3fc0_3
Linking libcurl-8.8.0-hca28451_1
Linking libprotobuf-3.20.0-h6239696_0
Linking libcblas-3.11.0-6_h0358290_openblas
Linking liblapack-3.11.0-6_h47877c9_openblas
Linking libllvm15-15.0.7-hb3ce162_4
Linking libllvm18-18.1.7-hb77312f_0
Linking libxkbcommon-1.7.0-h662e7e4_0
Linking glib-tools-2.80.2-hb6ce0ca_0
Linking dbus-1.13.6-h5008d03_3
Linking fontconfig-2.14.2-h14ed4e7_0
Linking openjpeg-2.5.2-h488ebb8_0
Linking lcms2-2.16-hb7c19ff_0
Linking hdf5-1.14.3-nompi_hdf9ad27_105
Linking libclang-cpp15-15.0.7-default_h127d8a8_5
Linking libclang13-18.1.7-default_h087397f_0
Linking pulseaudio-client-17.0-hb77b528_0
Linking cairo-1.18.0-h3faef2a_0
Linking harfbuzz-9.0.0-hfac3d4d_0
Linking bedtools-2.31.1-hf5e1c6e_2
Linking htslib-1.21-h5efdd21_0
Linking samtools-1.21-h50ea8bc_0
Linking packaging-26.2-pyhc364b38_0
Linking setuptools-82.0.1-pyh332efcf_0
Linking wheel-0.47.0-pyhd8ed1ab_0
Linking pip-26.0.1-pyh8b19718_0
Linking tomli-2.4.1-pyhcf101f3_0
Linking ply-3.11-pyhd8ed1ab_3
Linking cached_property-1.5.2-pyha770c72_1
Linking munkres-1.1.4-pyhd8ed1ab_1
Linking toml-0.10.2-pyhcf101f3_3
Linking pyparsing-3.3.2-pyhcf101f3_0
Linking cycler-0.12.1-pyhcf101f3_2
Linking certifi-2026.4.22-pyhd8ed1ab_0
Linking pytz-2026.1.post1-pyhcf101f3_0
Linking python-tzdata-2026.2-pyhd8ed1ab_0
Linking six-1.17.0-pyhe01879c_1
Linking tqdm-4.67.3-pyh8f84b5b_0
Linking cached-property-1.5.2-hd8ed1ab_1
Linking python-dateutil-2.9.0.post0-pyhe01879c_2
Linking glib-2.80.2-hf974151_0
Linking unicodedata2-17.0.1-py310h7c4b9e2_0
Linking tornado-6.5.5-py310h7c4b9e2_0
Linking pillow-10.3.0-py310hf73ecf8_0
Linking kiwisolver-1.5.0-py310haaf941d_0
Linking numpy-1.23.4-py310h53a5b5f_1
Linking sip-6.7.12-py310hc6cd4ac_0
Linking protobuf-3.20.0-py310hd8f1fbe_5
Linking gstreamer-1.24.4-haf2f30d_0
Linking fonttools-4.62.1-py310h3406613_0
Linking contourpy-1.3.2-py310h3788b33_0
Linking scipy-1.13.1-py310h93e2701_0
Linking pandas-2.3.3-py310h0158d43_2
Linking h5py-3.13.0-nompi_py310h60e0fe6_100
Linking biopython-1.87-py310h7c4b9e2_0
