=== alphagenome ===
Wed Apr 29 22:59:31 EDT 2026
2026-04-29 22:59:33,189 - chorus.core.base - INFO - Device: auto-detect (GPU if available, else CPU)
2026-04-29 22:59:34,487 - chorus.core.base - INFO - Using conda environment: chorus-alphagenome
[construct] 1.3s
2026-04-29 22:59:34,487 - chorus.oracles.alphagenome - INFO - Loading AlphaGenome model
2026-04-29 23:00:28,524 - chorus.oracles.alphagenome - INFO - AlphaGenome model loaded successfully in environment!
[load] 54.0s
2026-04-29 23:02:11,549 - chorus.oracles.alphagenome_source.alphagenome_metadata - INFO - Loaded 5731 AlphaGenome tracks
[predict] 103.0s
[result] 1 tracks
  ✓ DNASE/EFO:0002067 DNase-seq/.: shape=(1048576,), mean=0.0839, max=78.0000
[result] PASS — 1 tracks, all finite, predict took 103.0s

=== alphagenome ===
Wed Apr 29 23:22:36 EDT 2026
2026-04-29 23:22:38,386 - chorus.core.base - INFO - Device: auto-detect (GPU if available, else CPU)
2026-04-29 23:22:39,552 - chorus.core.base - INFO - Using conda environment: chorus-alphagenome
[construct] 1.2s
2026-04-29 23:22:39,553 - chorus.oracles.alphagenome - INFO - Loading AlphaGenome model
2026-04-29 23:23:35,002 - chorus.oracles.alphagenome - INFO - AlphaGenome model loaded successfully in environment!
[load] 55.4s
2026-04-29 23:25:18,692 - chorus.oracles.alphagenome_source.alphagenome_metadata - INFO - Loaded 5731 AlphaGenome tracks
[predict] 103.7s
[result] 1 tracks
  ✓ DNASE/EFO:0002067 DNase-seq/.: shape=(1048576,), mean=0.0839, max=78.0000
[result] PASS — 1 tracks, all finite, predict took 103.7s
