============================= test session starts ==============================
platform linux -- Python 3.10.20, pytest-9.0.3, pluggy-1.6.0 -- /data/pinello/SHARED_SOFTWARE/envs/lab_envs/chorus/bin/python3.10
cachedir: .pytest_cache
rootdir: /PHShome/lp698/chorus
configfile: pytest.ini
plugins: anyio-4.13.0, cov-7.1.0
collecting ... collected 1 item

tests/test_alphagenome_backends_equivalence.py::test_jax_pt_chorus_api_equivalence_at_sort1 FAILED [100%]

=================================== FAILURES ===================================
_________________ test_jax_pt_chorus_api_equivalence_at_sort1 __________________
tests/test_alphagenome_backends_equivalence.py:99: in test_jax_pt_chorus_api_equivalence_at_sort1
    preds[name] = oracle.predict(SORT1_WINDOW, ASSAY_IDS)
chorus/core/base.py:241: in predict
    predictions = self._predict(input_data, assay_ids)
chorus/oracles/alphagenome_pt.py:282: in _predict
    raw_result = self._predict_in_environment(full_seq, assay_ids)
chorus/oracles/alphagenome_pt.py:345: in _predict_in_environment
    result = self.run_code_in_environment(
chorus/core/base.py:196: in run_code_in_environment
    return self._env_runner.run_code_in_environment(
chorus/core/environment/runner.py:236: in run_code_in_environment
    raise RuntimeError(f"Code execution failed: {output_data['error']}\n{output_data.get('traceback', '')}")
E   RuntimeError: Code execution failed: Got unsupported ScalarType BFloat16
E   Traceback (most recent call last):
E     File "/tmp/tmpogcci3qp.py", line 158, in <module>
E       arr = tensor.detach().cpu().numpy()
E             ^^^^^^^^^^^^^^^^^^^^^^^^^^^^^
E   TypeError: Got unsupported ScalarType BFloat16
------------------------------ Captured log call -------------------------------
WARNING  matplotlib.style.core:core.py:213 In /data/pinello/SHARED_SOFTWARE/envs/lab_envs/chorus/lib/python3.10/site-packages/matplotlib/mpl-data/stylelib/classic.mplstyle: 'parseString' deprecated - use 'parse_string'
WARNING  matplotlib.style.core:core.py:213 In /data/pinello/SHARED_SOFTWARE/envs/lab_envs/chorus/lib/python3.10/site-packages/matplotlib/mpl-data/stylelib/classic.mplstyle: 'resetCache' deprecated - use 'reset_cache'
WARNING  matplotlib.style.core:core.py:213 In /data/pinello/SHARED_SOFTWARE/envs/lab_envs/chorus/lib/python3.10/site-packages/matplotlib/mpl-data/stylelib/classic.mplstyle: 'parseString' deprecated - use 'parse_string'
WARNING  matplotlib.style.core:core.py:213 In /data/pinello/SHARED_SOFTWARE/envs/lab_envs/chorus/lib/python3.10/site-packages/matplotlib/mpl-data/stylelib/classic.mplstyle: 'resetCache' deprecated - use 'reset_cache'
WARNING  matplotlib.style.core:core.py:213 In /data/pinello/SHARED_SOFTWARE/envs/lab_envs/chorus/lib/python3.10/site-packages/matplotlib/mpl-data/stylelib/classic.mplstyle: 'parseString' deprecated - use 'parse_string'
WARNING  matplotlib.style.core:core.py:213 In /data/pinello/SHARED_SOFTWARE/envs/lab_envs/chorus/lib/python3.10/site-packages/matplotlib/mpl-data/stylelib/classic.mplstyle: 'resetCache' deprecated - use 'reset_cache'
WARNING  matplotlib.style.core:core.py:213 In /data/pinello/SHARED_SOFTWARE/envs/lab_envs/chorus/lib/python3.10/site-packages/matplotlib/mpl-data/stylelib/classic.mplstyle: 'parseString' deprecated - use 'parse_string'
WARNING  matplotlib.style.core:core.py:213 In /data/pinello/SHARED_SOFTWARE/envs/lab_envs/chorus/lib/python3.10/site-packages/matplotlib/mpl-data/stylelib/classic.mplstyle: 'resetCache' deprecated - use 'reset_cache'
=============================== warnings summary ===============================
tests/test_alphagenome_backends_equivalence.py::test_jax_pt_chorus_api_equivalence_at_sort1
tests/test_alphagenome_backends_equivalence.py::test_jax_pt_chorus_api_equivalence_at_sort1
tests/test_alphagenome_backends_equivalence.py::test_jax_pt_chorus_api_equivalence_at_sort1
tests/test_alphagenome_backends_equivalence.py::test_jax_pt_chorus_api_equivalence_at_sort1
tests/test_alphagenome_backends_equivalence.py::test_jax_pt_chorus_api_equivalence_at_sort1
tests/test_alphagenome_backends_equivalence.py::test_jax_pt_chorus_api_equivalence_at_sort1
  /data/pinello/SHARED_SOFTWARE/envs/lab_envs/chorus/lib/python3.10/site-packages/matplotlib/_fontconfig_pattern.py:88: PyparsingDeprecationWarning: 'parseString' deprecated - use 'parse_string'
    parse = parser.parseString(pattern)

tests/test_alphagenome_backends_equivalence.py::test_jax_pt_chorus_api_equivalence_at_sort1
tests/test_alphagenome_backends_equivalence.py::test_jax_pt_chorus_api_equivalence_at_sort1
tests/test_alphagenome_backends_equivalence.py::test_jax_pt_chorus_api_equivalence_at_sort1
tests/test_alphagenome_backends_equivalence.py::test_jax_pt_chorus_api_equivalence_at_sort1
tests/test_alphagenome_backends_equivalence.py::test_jax_pt_chorus_api_equivalence_at_sort1
tests/test_alphagenome_backends_equivalence.py::test_jax_pt_chorus_api_equivalence_at_sort1
  /data/pinello/SHARED_SOFTWARE/envs/lab_envs/chorus/lib/python3.10/site-packages/matplotlib/_fontconfig_pattern.py:92: PyparsingDeprecationWarning: 'resetCache' deprecated - use 'reset_cache'
    parser.resetCache()

tests/test_alphagenome_backends_equivalence.py::test_jax_pt_chorus_api_equivalence_at_sort1
  /data/pinello/SHARED_SOFTWARE/envs/lab_envs/chorus/lib/python3.10/site-packages/matplotlib/_mathtext.py:45: PyparsingDeprecationWarning: 'enablePackrat' deprecated - use 'enable_packrat'
    ParserElement.enablePackrat()

-- Docs: https://docs.pytest.org/en/stable/how-to/capture-warnings.html
=========================== short test summary info ============================
FAILED tests/test_alphagenome_backends_equivalence.py::test_jax_pt_chorus_api_equivalence_at_sort1
================== 1 failed, 13 warnings in 237.03s (0:03:57) ==================
