============================= test session starts ==============================
platform linux -- Python 3.10.20, pytest-9.0.3, pluggy-1.6.0 -- /data/pinello/SHARED_SOFTWARE/envs/lab_envs/chorus/bin/python3.10
cachedir: .pytest_cache
rootdir: /PHShome/lp698/chorus
configfile: pytest.ini
plugins: anyio-4.13.0, cov-7.1.0
collecting ... collected 1 item

tests/test_alphagenome_backends_equivalence.py::test_jax_pt_chorus_api_equivalence_at_sort1 FAILED [100%]

=================================== FAILURES ===================================
_________________ test_jax_pt_chorus_api_equivalence_at_sort1 __________________
tests/test_alphagenome_backends_equivalence.py:99: in test_jax_pt_chorus_api_equivalence_at_sort1
    preds[name] = oracle.predict(SORT1_WINDOW, ASSAY_IDS)
chorus/core/base.py:241: in predict
    predictions = self._predict(input_data, assay_ids)
chorus/oracles/alphagenome_pt.py:282: in _predict
    raw_result = self._predict_in_environment(full_seq, assay_ids)
chorus/oracles/alphagenome_pt.py:345: in _predict_in_environment
    result = self.run_code_in_environment(
chorus/core/base.py:196: in run_code_in_environment
    return self._env_runner.run_code_in_environment(
chorus/core/environment/runner.py:236: in run_code_in_environment
    raise RuntimeError(f"Code execution failed: {output_data['error']}\n{output_data.get('traceback', '')}")
E   RuntimeError: Code execution failed: Input type (CUDABFloat16Type) and weight type (torch.cuda.FloatTensor) should be the same
E   Traceback (most recent call last):
E     File "/tmp/tmpvw2itukg.py", line 128, in <module>
E       output = model(
E                ^^^^^^
E     File "/data/pinello/SHARED_SOFTWARE/envs/lp698_envs/chorus-alphagenome_pt/lib/python3.12/site-packages/torch/nn/modules/module.py", line 1779, in _wrapped_call_impl
E       return self._call_impl(*args, **kwargs)
E              ^^^^^^^^^^^^^^^^^^^^^^^^^^^^^^^^
E     File "/data/pinello/SHARED_SOFTWARE/envs/lp698_envs/chorus-alphagenome_pt/lib/python3.12/site-packages/torch/nn/modules/module.py", line 1790, in _call_impl
E       return forward_call(*args, **kwargs)
E              ^^^^^^^^^^^^^^^^^^^^^^^^^^^^^
E     File "/data/pinello/SHARED_SOFTWARE/envs/lp698_envs/chorus-alphagenome_pt/lib/python3.12/site-packages/alphagenome_pytorch/model.py", line 723, in forward
E       self._compute_embeddings_ncl(dna_sequence, organism_index, resolutions)
E     File "/data/pinello/SHARED_SOFTWARE/envs/lp698_envs/chorus-alphagenome_pt/lib/python3.12/site-packages/alphagenome_pytorch/model.py", line 535, in _compute_embeddings_ncl
E       trunk, intermediates = self.encoder(dna_sequence)  # trunk: (B, 1536, 1024)
E                              ^^^^^^^^^^^^^^^^^^^^^^^^^^
E     File "/data/pinello/SHARED_SOFTWARE/envs/lp698_envs/chorus-alphagenome_pt/lib/python3.12/site-packages/torch/nn/modules/module.py", line 1779, in _wrapped_call_impl
E       return self._call_impl(*args, **kwargs)
E              ^^^^^^^^^^^^^^^^^^^^^^^^^^^^^^^^
E     File "/data/pinello/SHARED_SOFTWARE/envs/lp698_envs/chorus-alphagenome_pt/lib/python3.12/site-packages/torch/nn/modules/module.py", line 1790, in _call_impl
E       return forward_call(*args, **kwargs)
E              ^^^^^^^^^^^^^^^^^^^^^^^^^^^^^
E     File "/data/pinello/SHARED_SOFTWARE/envs/lp698_envs/chorus-alphagenome_pt/lib/python3.12/site-packages/alphagenome_pytorch/model.py", line 37, in forward
E       x = self.dna_embedder(x)
E           ^^^^^^^^^^^^^^^^^^^^
E     File "/data/pinello/SHARED_SOFTWARE/envs/lp698_envs/chorus-alphagenome_pt/lib/python3.12/site-packages/torch/nn/modules/module.py", line 1779, in _wrapped_call_impl
E       return self._call_impl(*args, **kwargs)
E              ^^^^^^^^^^^^^^^^^^^^^^^^^^^^^^^^
E     File "/data/pinello/SHARED_SOFTWARE/envs/lp698_envs/chorus-alphagenome_pt/lib/python3.12/site-packages/torch/nn/modules/module.py", line 1790, in _call_impl
E       return forward_call(*args, **kwargs)
E              ^^^^^^^^^^^^^^^^^^^^^^^^^^^^^
E     File "/data/pinello/SHARED_SOFTWARE/envs/lp698_envs/chorus-alphagenome_pt/lib/python3.12/site-packages/alphagenome_pytorch/convolutions.py", line 84, in forward
E       out = self.conv1(x)
E             ^^^^^^^^^^^^^
E     File "/data/pinello/SHARED_SOFTWARE/envs/lp698_envs/chorus-alphagenome_pt/lib/python3.12/site-packages/torch/nn/modules/module.py", line 1779, in _wrapped_call_impl
E       return self._call_impl(*args, **kwargs)
E              ^^^^^^^^^^^^^^^^^^^^^^^^^^^^^^^^
E     File "/data/pinello/SHARED_SOFTWARE/envs/lp698_envs/chorus-alphagenome_pt/lib/python3.12/site-packages/torch/nn/modules/module.py", line 1790, in _call_impl
E       return forward_call(*args, **kwargs)
E              ^^^^^^^^^^^^^^^^^^^^^^^^^^^^^
E     File "/data/pinello/SHARED_SOFTWARE/envs/lp698_envs/chorus-alphagenome_pt/lib/python3.12/site-packages/torch/nn/modules/conv.py", line 375, in forward
E       return self._conv_forward(input, self.weight, self.bias)
E              ^^^^^^^^^^^^^^^^^^^^^^^^^^^^^^^^^^^^^^^^^^^^^^^^^
E     File "/data/pinello/SHARED_SOFTWARE/envs/lp698_envs/chorus-alphagenome_pt/lib/python3.12/site-packages/torch/nn/modules/conv.py", line 370, in _conv_forward
E       return F.conv1d(
E              ^^^^^^^^^
E   RuntimeError: Input type (CUDABFloat16Type) and weight type (torch.cuda.FloatTensor) should be the same
------------------------------ Captured log call -------------------------------
WARNING  matplotlib.style.core:core.py:213 In /data/pinello/SHARED_SOFTWARE/envs/lab_envs/chorus/lib/python3.10/site-packages/matplotlib/mpl-data/stylelib/classic.mplstyle: 'parseString' deprecated - use 'parse_string'
WARNING  matplotlib.style.core:core.py:213 In /data/pinello/SHARED_SOFTWARE/envs/lab_envs/chorus/lib/python3.10/site-packages/matplotlib/mpl-data/stylelib/classic.mplstyle: 'resetCache' deprecated - use 'reset_cache'
WARNING  matplotlib.style.core:core.py:213 In /data/pinello/SHARED_SOFTWARE/envs/lab_envs/chorus/lib/python3.10/site-packages/matplotlib/mpl-data/stylelib/classic.mplstyle: 'parseString' deprecated - use 'parse_string'
WARNING  matplotlib.style.core:core.py:213 In /data/pinello/SHARED_SOFTWARE/envs/lab_envs/chorus/lib/python3.10/site-packages/matplotlib/mpl-data/stylelib/classic.mplstyle: 'resetCache' deprecated - use 'reset_cache'
WARNING  matplotlib.style.core:core.py:213 In /data/pinello/SHARED_SOFTWARE/envs/lab_envs/chorus/lib/python3.10/site-packages/matplotlib/mpl-data/stylelib/classic.mplstyle: 'parseString' deprecated - use 'parse_string'
WARNING  matplotlib.style.core:core.py:213 In /data/pinello/SHARED_SOFTWARE/envs/lab_envs/chorus/lib/python3.10/site-packages/matplotlib/mpl-data/stylelib/classic.mplstyle: 'resetCache' deprecated - use 'reset_cache'
WARNING  matplotlib.style.core:core.py:213 In /data/pinello/SHARED_SOFTWARE/envs/lab_envs/chorus/lib/python3.10/site-packages/matplotlib/mpl-data/stylelib/classic.mplstyle: 'parseString' deprecated - use 'parse_string'
WARNING  matplotlib.style.core:core.py:213 In /data/pinello/SHARED_SOFTWARE/envs/lab_envs/chorus/lib/python3.10/site-packages/matplotlib/mpl-data/stylelib/classic.mplstyle: 'resetCache' deprecated - use 'reset_cache'
=============================== warnings summary ===============================
tests/test_alphagenome_backends_equivalence.py::test_jax_pt_chorus_api_equivalence_at_sort1
tests/test_alphagenome_backends_equivalence.py::test_jax_pt_chorus_api_equivalence_at_sort1
tests/test_alphagenome_backends_equivalence.py::test_jax_pt_chorus_api_equivalence_at_sort1
tests/test_alphagenome_backends_equivalence.py::test_jax_pt_chorus_api_equivalence_at_sort1
tests/test_alphagenome_backends_equivalence.py::test_jax_pt_chorus_api_equivalence_at_sort1
tests/test_alphagenome_backends_equivalence.py::test_jax_pt_chorus_api_equivalence_at_sort1
  /data/pinello/SHARED_SOFTWARE/envs/lab_envs/chorus/lib/python3.10/site-packages/matplotlib/_fontconfig_pattern.py:88: PyparsingDeprecationWarning: 'parseString' deprecated - use 'parse_string'
    parse = parser.parseString(pattern)

tests/test_alphagenome_backends_equivalence.py::test_jax_pt_chorus_api_equivalence_at_sort1
tests/test_alphagenome_backends_equivalence.py::test_jax_pt_chorus_api_equivalence_at_sort1
tests/test_alphagenome_backends_equivalence.py::test_jax_pt_chorus_api_equivalence_at_sort1
tests/test_alphagenome_backends_equivalence.py::test_jax_pt_chorus_api_equivalence_at_sort1
tests/test_alphagenome_backends_equivalence.py::test_jax_pt_chorus_api_equivalence_at_sort1
tests/test_alphagenome_backends_equivalence.py::test_jax_pt_chorus_api_equivalence_at_sort1
  /data/pinello/SHARED_SOFTWARE/envs/lab_envs/chorus/lib/python3.10/site-packages/matplotlib/_fontconfig_pattern.py:92: PyparsingDeprecationWarning: 'resetCache' deprecated - use 'reset_cache'
    parser.resetCache()

tests/test_alphagenome_backends_equivalence.py::test_jax_pt_chorus_api_equivalence_at_sort1
  /data/pinello/SHARED_SOFTWARE/envs/lab_envs/chorus/lib/python3.10/site-packages/matplotlib/_mathtext.py:45: PyparsingDeprecationWarning: 'enablePackrat' deprecated - use 'enable_packrat'
    ParserElement.enablePackrat()

-- Docs: https://docs.pytest.org/en/stable/how-to/capture-warnings.html
=========================== short test summary info ============================
FAILED tests/test_alphagenome_backends_equivalence.py::test_jax_pt_chorus_api_equivalence_at_sort1
================== 1 failed, 13 warnings in 233.18s (0:03:53) ==================
